<?xml version="1.0" encoding="UTF-8" standalone="no"?>
<testsuite errors="0" failures="0" name="io.cucumber.core.plugin.JUnitFormatter" skipped="0" tests="1" time="0.203">
    <testcase classname="Check the Login functionality" name="Login functionality validation" time="0.064">
        <system-out>
            <![CDATA[Given user navigates to the browser.........................................passed
When user enter the url.....................................................passed
Then Login page is displayed................................................passed
And Verify login page.......................................................passed
]]>
        </system-out>
    </testcase>
</testsuite>
